[12:39:57:103 debug] WebCrawler.java@56 Thread-10: Finding links from http://cs.usfca.edu/~cs212/wdgcss/properties.html
[12:39:57:147 debug] WebCrawler.java@56 Thread-7: Finding links from http://cs.usfca.edu/~cs212/wdgcss/syntax.html
[12:39:57:147 debug] WebCrawler.java@56 Thread-6: Finding links from http://cs.usfca.edu/~cs212/wdgcss/all-properties.html
[12:39:57:147 debug] WebCrawler.java@56 Thread-8: Finding links from http://cs.usfca.edu/~cs212/wdgcss/font/index.html
[12:39:57:147 debug] WebCrawler.java@56 Thread-9: Finding links from http://cs.usfca.edu/~cs212/wdgcss/font/font-family.html
[12:39:57:157 debug] WebCrawler.java@56 Thread-10: Finding links from http://cs.usfca.edu/~cs212/wdgcss/font/font-style.html
[12:39:57:162 debug] WebCrawler.java@56 Thread-7: Finding links from http://cs.usfca.edu/~cs212/wdgcss/font/font-variant.html
[12:39:57:164 debug] WebCrawler.java@56 Thread-9: Finding links from http://cs.usfca.edu/~cs212/wdgcss/font/font-weight.html
[12:39:57:173 debug] WebCrawler.java@56 Thread-10: Finding links from http://cs.usfca.edu/~cs212/wdgcss/font/font-size.html
[12:39:57:179 debug] WebCrawler.java@56 Thread-8: Finding links from http://cs.usfca.edu/~cs212/wdgcss/font/font.html
[12:39:57:182 debug] WebCrawler.java@56 Thread-7: Finding links from http://cs.usfca.edu/~cs212/wdgcss/color-background/index.html
[12:39:57:185 debug] WebCrawler.java@56 Thread-9: Finding links from http://cs.usfca.edu/~cs212/wdgcss/color-background/color.html
[12:39:57:196 debug] WebCrawler.java@56 Thread-8: Finding links from http://cs.usfca.edu/~cs212/wdgcss/color-background/background-color.html
[12:39:57:197 debug] WebCrawler.java@56 Thread-10: Finding links from http://cs.usfca.edu/~cs212/wdgcss/color-background/background-image.html
[12:39:57:203 debug] WebCrawler.java@56 Thread-9: Finding links from http://cs.usfca.edu/~cs212/wdgcss/color-background/background-repeat.html
[12:39:57:215 debug] WebCrawler.java@56 Thread-10: Finding links from http://cs.usfca.edu/~cs212/wdgcss/color-background/background-attachment.html
[12:39:57:218 debug] WebCrawler.java@56 Thread-8: Finding links from http://cs.usfca.edu/~cs212/wdgcss/color-background/background-position.html
[12:39:57:221 debug] WebCrawler.java@56 Thread-9: Finding links from http://cs.usfca.edu/~cs212/wdgcss/color-background/background.html
[12:39:57:226 debug] WebCrawler.java@56 Thread-7: Finding links from http://cs.usfca.edu/~cs212/wdgcss/text/index.html
[12:39:57:234 debug] WebCrawler.java@56 Thread-10: Finding links from http://cs.usfca.edu/~cs212/wdgcss/text/word-spacing.html
